c:\users\marjan hussain\source\repos\binarytree\binarytreegui\x64\debug\pch.pch
c:\users\marjan hussain\source\repos\binarytree\binarytreegui\x64\debug\vc143.pdb
c:\users\marjan hussain\source\repos\binarytree\binarytreegui\x64\debug\vc143.idb
c:\users\marjan hussain\source\repos\binarytree\binarytreegui\x64\debug\pch.obj
c:\users\marjan hussain\source\repos\binarytree\binarytreegui\x64\debug\binarytreeutils.obj
c:\users\marjan hussain\source\repos\binarytree\binarytreegui\x64\debug\sanitycheck.obj
c:\users\marjan hussain\source\repos\binarytree\binarytreegui\x64\debug\xamltypeinfo.impl.g.obj
c:\users\marjan hussain\source\repos\binarytree\binarytreegui\x64\debug\filemanager.obj
c:\users\marjan hussain\source\repos\binarytree\binarytreegui\x64\debug\module.g.obj
c:\users\marjan hussain\source\repos\binarytree\binarytreegui\x64\debug\app.xaml.obj
c:\users\marjan hussain\source\repos\binarytree\binarytreegui\x64\debug\dllloader.obj
c:\users\marjan hussain\source\repos\binarytree\binarytreegui\x64\debug\mainwindow.xaml.obj
c:\users\marjan hussain\source\repos\binarytree\binarytreegui\x64\debug\binarytree.obj
c:\users\marjan hussain\source\repos\binarytree\binarytreegui\x64\debug\xamlmetadataprovider.obj
c:\users\marjan hussain\source\repos\binarytree\binarytreegui\x64\debug\xamltypeinfo.g.obj
c:\users\marjan hussain\source\repos\binarytree\bin\debug\microsoft.windowsappruntime.bootstrap.dll
c:\users\marjan hussain\source\repos\binarytree\binarytreegui\x64\debug\binarytreegui.tlog\binarytreegui.winmd.lastbuild
c:\users\marjan hussain\source\repos\binarytree\bin\debug\binarytreegui.exe
c:\users\marjan hussain\source\repos\binarytree\bin\debug\binarytreegui.pdb
c:\users\marjan hussain\source\repos\binarytree\binarytreegui\x64\debug\unmerged\mainwindow.winmd
c:\users\marjan hussain\source\repos\binarytree\binarytreegui\x64\debug\unmerged\xamlmetadataprovider.winmd
c:\users\marjan hussain\source\repos\binarytree\binarytreegui\x64\debug\binarytreegui.exe.embed.manifest.res
c:\users\marjan hussain\source\repos\binarytree\bin\debug\binarytreegui.lib
c:\users\marjan hussain\source\repos\binarytree\bin\debug\binarytreegui.exp
c:\users\marjan hussain\source\repos\binarytree\binarytreegui\x64\debug\binarytreegui.ilk
c:\users\marjan hussain\source\repos\binarytree\binarytreegui\x64\debug\binarytreegui.vcxproj.cppwinrt_comp.rsp
c:\users\marjan hussain\source\repos\binarytree\binarytreegui\x64\debug\binarytreegui.vcxproj.cppwinrt_plat.rsp
c:\users\marjan hussain\source\repos\binarytree\binarytreegui\x64\debug\binarytreegui.vcxproj.cppwinrt_ref.rsp
c:\users\marjan hussain\source\repos\binarytree\binarytreegui\x64\debug\binarytreegui.vcxproj.mdmerge.rsp
c:\users\marjan hussain\source\repos\binarytree\binarytreegui\x64\debug\binarytreegui.vcxproj.midlrt.rsp
c:\users\marjan hussain\source\repos\binarytree\binarytreegui\x64\debug\binarytreegui.exe.embed.manifest
c:\users\marjan hussain\source\repos\binarytree\binarytreegui\x64\debug\binarytreegui_manifest.rc
c:\users\marjan hussain\source\repos\binarytree\\bin\debug\binarytreegui.pdb
c:\users\marjan hussain\source\repos\binarytree\binarytreegui\x64\debug\binarytreegui.tlog\cl.command.1.tlog
c:\users\marjan hussain\source\repos\binarytree\binarytreegui\x64\debug\binarytreegui.tlog\cl.items.tlog
c:\users\marjan hussain\source\repos\binarytree\binarytreegui\x64\debug\binarytreegui.tlog\cl.read.1.tlog
c:\users\marjan hussain\source\repos\binarytree\binarytreegui\x64\debug\binarytreegui.tlog\cl.write.1.tlog
c:\users\marjan hussain\source\repos\binarytree\binarytreegui\x64\debug\binarytreegui.tlog\copylocal.read.1u.tlog
c:\users\marjan hussain\source\repos\binarytree\binarytreegui\x64\debug\binarytreegui.tlog\copylocal.write.1u.tlog
c:\users\marjan hussain\source\repos\binarytree\binarytreegui\x64\debug\binarytreegui.tlog\link.command.1.tlog
c:\users\marjan hussain\source\repos\binarytree\binarytreegui\x64\debug\binarytreegui.tlog\link.read.1.tlog
c:\users\marjan hussain\source\repos\binarytree\binarytreegui\x64\debug\binarytreegui.tlog\link.secondary.1.tlog
c:\users\marjan hussain\source\repos\binarytree\binarytreegui\x64\debug\binarytreegui.tlog\link.write.1.tlog
c:\users\marjan hussain\source\repos\binarytree\binarytreegui\x64\debug\binarytreegui.tlog\midl-midlrt.write.1.tlog
c:\users\marjan hussain\source\repos\binarytree\binarytreegui\x64\debug\binarytreegui.tlog\midl.command.1.tlog
c:\users\marjan hussain\source\repos\binarytree\binarytreegui\x64\debug\binarytreegui.tlog\midl.read.1.tlog
c:\users\marjan hussain\source\repos\binarytree\binarytreegui\x64\debug\binarytreegui.tlog\rc.command.1.tlog
c:\users\marjan hussain\source\repos\binarytree\binarytreegui\x64\debug\binarytreegui.tlog\rc.read.1.tlog
c:\users\marjan hussain\source\repos\binarytree\binarytreegui\x64\debug\binarytreegui.tlog\rc.write.1.tlog
c:\users\marjan hussain\source\repos\binarytree\binarytreegui\x64\debug\binarytreegui.tlog\xaml.read.1u.tlog
c:\users\marjan hussain\source\repos\binarytree\binarytreegui\generated files\app.xaml.g.h
c:\users\marjan hussain\source\repos\binarytree\binarytreegui\generated files\mainwindow.g.h
c:\users\marjan hussain\source\repos\binarytree\binarytreegui\generated files\mainwindow.xaml.g.h
c:\users\marjan hussain\source\repos\binarytree\binarytreegui\generated files\xamlbindinginfo.xaml.g.h
c:\users\marjan hussain\source\repos\binarytree\binarytreegui\generated files\xamlmetadataprovider.g.h
c:\users\marjan hussain\source\repos\binarytree\binarytreegui\generated files\xamltypeinfo.xaml.g.h
c:\users\marjan hussain\source\repos\binarytree\binarytreegui\generated files\mainwindow.g.cpp
c:\users\marjan hussain\source\repos\binarytree\binarytreegui\generated files\module.g.cpp
c:\users\marjan hussain\source\repos\binarytree\binarytreegui\generated files\xamllibmetadataprovider.g.cpp
c:\users\marjan hussain\source\repos\binarytree\binarytreegui\generated files\xamlmetadataprovider.g.cpp
c:\users\marjan hussain\source\repos\binarytree\binarytreegui\generated files\xamltypeinfo.g.cpp
c:\users\marjan hussain\source\repos\binarytree\binarytreegui\generated files\xamltypeinfo.impl.g.cpp
c:\users\marjan hussain\source\repos\binarytree\binarytreegui\generated files\app.xaml
c:\users\marjan hussain\source\repos\binarytree\binarytreegui\generated files\mainwindow.xaml
