c:\users\marjan hussain\source\repos\binarytree\binarytree\x64\release\vc143.pdb
c:\users\marjan hussain\source\repos\binarytree\binarytree\x64\release\main.obj
c:\users\marjan hussain\source\repos\binarytree\binarytree\x64\release\filemanager.obj
c:\users\marjan hussain\source\repos\binarytree\binarytree\x64\release\binarytree.obj
c:\users\marjan hussain\source\repos\binarytree\binarytree\x64\release\commandline.obj
c:\users\marjan hussain\source\repos\binarytree\x64\release\gtest.pdb
c:\users\marjan hussain\source\repos\binarytree\x64\release\gtest_main.pdb
c:\users\marjan hussain\source\repos\binarytree\x64\release\binarytree.exe
c:\users\marjan hussain\source\repos\binarytree\x64\release\binarytree.pdb
c:\users\marjan hussain\source\repos\binarytree\binarytree\x64\release\binarytree.ipdb
c:\users\marjan hussain\source\repos\binarytree\binarytree\x64\release\binarytree.iobj
c:\users\marjan hussain\source\repos\binarytree\binarytree\x64\release\binarytreeutils.obj
c:\users\marjan hussain\source\repos\binarytree\binarytree\x64\release\treeevaluator.obj
c:\users\marjan hussain\source\repos\binarytree\binarytree\x64\release\binarytree.tlog\cl.command.1.tlog
c:\users\marjan hussain\source\repos\binarytree\binarytree\x64\release\binarytree.tlog\cl.items.tlog
c:\users\marjan hussain\source\repos\binarytree\binarytree\x64\release\binarytree.tlog\cl.read.1.tlog
c:\users\marjan hussain\source\repos\binarytree\binarytree\x64\release\binarytree.tlog\cl.write.1.tlog
c:\users\marjan hussain\source\repos\binarytree\binarytree\x64\release\binarytree.tlog\copylocal.read.1u.tlog
c:\users\marjan hussain\source\repos\binarytree\binarytree\x64\release\binarytree.tlog\copylocal.write.1u.tlog
c:\users\marjan hussain\source\repos\binarytree\binarytree\x64\release\binarytree.tlog\link.command.1.tlog
c:\users\marjan hussain\source\repos\binarytree\binarytree\x64\release\binarytree.tlog\link.read.1.tlog
c:\users\marjan hussain\source\repos\binarytree\binarytree\x64\release\binarytree.tlog\link.secondary.1.tlog
c:\users\marjan hussain\source\repos\binarytree\binarytree\x64\release\binarytree.tlog\link.write.1.tlog
