c:\users\marjan hussain\source\repos\binarytree\binarytree\x64\debug\vc143.pdb
c:\users\marjan hussain\source\repos\binarytree\binarytree\x64\debug\vc143.idb
c:\users\marjan hussain\source\repos\binarytree\binarytree\x64\debug\main.obj
c:\users\marjan hussain\source\repos\binarytree\binarytree\x64\debug\treeevaluator.obj
c:\users\marjan hussain\source\repos\binarytree\binarytree\x64\debug\filemanager.obj
c:\users\marjan hussain\source\repos\binarytree\binarytree\x64\debug\commandline.obj
c:\users\marjan hussain\source\repos\binarytree\binarytree\x64\debug\binarytreeutils.obj
c:\users\marjan hussain\source\repos\binarytree\binarytree\x64\debug\binarytree.obj
c:\users\marjan hussain\source\repos\binarytree\binarytree\x64\debug\sanitycheck.obj
c:\users\marjan hussain\source\repos\binarytree\x64\debug\gtest.pdb
c:\users\marjan hussain\source\repos\binarytree\x64\debug\gtest_main.pdb
c:\users\marjan hussain\source\repos\binarytree\x64\debug\binarytree.exe
c:\users\marjan hussain\source\repos\binarytree\x64\debug\binarytree.pdb
c:\users\marjan hussain\source\repos\binarytree\binarytree\x64\debug\binarytreeutils.h.module.json
c:\users\marjan hussain\source\repos\binarytree\x64\debug\binarytree.lib
c:\users\marjan hussain\source\repos\binarytree\x64\debug\binarytree.exp
c:\users\marjan hussain\source\repos\binarytree\binarytree\x64\debug\binarytree.ilk
c:\users\marjan hussain\source\repos\binarytree\binarytree\x64\debug\binarytree.tlog\cl.command.1.tlog
c:\users\marjan hussain\source\repos\binarytree\binarytree\x64\debug\binarytree.tlog\cl.items.tlog
c:\users\marjan hussain\source\repos\binarytree\binarytree\x64\debug\binarytree.tlog\cl.read.1.tlog
c:\users\marjan hussain\source\repos\binarytree\binarytree\x64\debug\binarytree.tlog\cl.write.1.tlog
c:\users\marjan hussain\source\repos\binarytree\binarytree\x64\debug\binarytree.tlog\copylocal.read.1u.tlog
c:\users\marjan hussain\source\repos\binarytree\binarytree\x64\debug\binarytree.tlog\copylocal.write.1u.tlog
c:\users\marjan hussain\source\repos\binarytree\binarytree\x64\debug\binarytree.tlog\link.command.1.tlog
c:\users\marjan hussain\source\repos\binarytree\binarytree\x64\debug\binarytree.tlog\link.read.1.tlog
c:\users\marjan hussain\source\repos\binarytree\binarytree\x64\debug\binarytree.tlog\link.secondary.1.tlog
c:\users\marjan hussain\source\repos\binarytree\binarytree\x64\debug\binarytree.tlog\link.write.1.tlog
c:\users\marjan hussain\source\repos\binarytree\binarytree\x64\debug\binarytree_md.tlog\cl.command.1.tlog
c:\users\marjan hussain\source\repos\binarytree\binarytree\x64\debug\binarytree_md.tlog\microsoft.build.cpptasks.cl.read.1.tlog
c:\users\marjan hussain\source\repos\binarytree\binarytree\x64\debug\binarytree_md.tlog\microsoft.build.cpptasks.cl.write.1.tlog
