c:\users\marjan hussain\source\repos\binarytree\binarytreegui\x64\release\pch.pch
c:\users\marjan hussain\source\repos\binarytree\binarytreegui\x64\release\vc143.pdb
c:\users\marjan hussain\source\repos\binarytree\binarytreegui\x64\release\pch.obj
c:\users\marjan hussain\source\repos\binarytree\binarytreegui\x64\release\mainwindow.xaml.obj
c:\users\marjan hussain\source\repos\binarytree\binarytreegui\x64\release\app.xaml.obj
c:\users\marjan hussain\source\repos\binarytree\binarytreegui\x64\release\xamltypeinfo.impl.g.obj
c:\users\marjan hussain\source\repos\binarytree\binarytreegui\x64\release\module.g.obj
c:\users\marjan hussain\source\repos\binarytree\binarytreegui\x64\release\binarytree.obj
c:\users\marjan hussain\source\repos\binarytree\binarytreegui\x64\release\binarytreeutils.obj
c:\users\marjan hussain\source\repos\binarytree\binarytreegui\x64\release\filemanager.obj
c:\users\marjan hussain\source\repos\binarytree\binarytreegui\x64\release\dllloader.obj
c:\users\marjan hussain\source\repos\binarytree\binarytreegui\x64\release\sanitycheck.obj
c:\users\marjan hussain\source\repos\binarytree\binarytreegui\x64\release\xamlmetadataprovider.obj
c:\users\marjan hussain\source\repos\binarytree\binarytreegui\x64\release\xamltypeinfo.g.obj
c:\users\marjan hussain\source\repos\binarytree\bin\release\microsoft.windowsappruntime.bootstrap.dll
c:\users\marjan hussain\source\repos\binarytree\x64\release\binarytreegui\binarytreegui.exe
c:\users\marjan hussain\source\repos\binarytree\x64\release\binarytreegui\binarytreegui.pdb
c:\users\marjan hussain\source\repos\binarytree\bin\release\binarytreegui.exe
c:\users\marjan hussain\source\repos\binarytree\bin\release\binarytreegui.pdb
c:\users\marjan hussain\source\repos\binarytree\binarytreegui\x64\release\binarytreegui.iobj
c:\users\marjan hussain\source\repos\binarytree\binarytreegui\x64\release\binarytreegui.tlog\binarytreegui.winmd.lastbuild
c:\users\marjan hussain\source\repos\binarytree\binarytreegui\x64\release\unmerged\mainwindow.winmd
c:\users\marjan hussain\source\repos\binarytree\binarytreegui\x64\release\unmerged\xamlmetadataprovider.winmd
c:\users\marjan hussain\source\repos\binarytree\bin\release\binarytreegui.lib
c:\users\marjan hussain\source\repos\binarytree\bin\release\binarytreegui.exp
c:\users\marjan hussain\source\repos\binarytree\binarytreegui\x64\release\binarytreegui.ipdb
c:\users\marjan hussain\source\repos\binarytree\binarytreegui\x64\release\binarytreegui.vcxproj.cppwinrt_comp.rsp
c:\users\marjan hussain\source\repos\binarytree\binarytreegui\x64\release\binarytreegui.vcxproj.cppwinrt_plat.rsp
c:\users\marjan hussain\source\repos\binarytree\binarytreegui\x64\release\binarytreegui.vcxproj.cppwinrt_ref.rsp
c:\users\marjan hussain\source\repos\binarytree\binarytreegui\x64\release\binarytreegui.vcxproj.mdmerge.rsp
c:\users\marjan hussain\source\repos\binarytree\binarytreegui\x64\release\binarytreegui.vcxproj.midlrt.rsp
c:\users\marjan hussain\source\repos\binarytree\\bin\release\binarytreegui.pdb
c:\users\marjan hussain\source\repos\binarytree\binarytreegui\x64\release\binarytreegui.tlog\cl.command.1.tlog
c:\users\marjan hussain\source\repos\binarytree\binarytreegui\x64\release\binarytreegui.tlog\cl.items.tlog
c:\users\marjan hussain\source\repos\binarytree\binarytreegui\x64\release\binarytreegui.tlog\cl.read.1.tlog
c:\users\marjan hussain\source\repos\binarytree\binarytreegui\x64\release\binarytreegui.tlog\cl.write.1.tlog
c:\users\marjan hussain\source\repos\binarytree\binarytreegui\x64\release\binarytreegui.tlog\copylocal.read.1u.tlog
c:\users\marjan hussain\source\repos\binarytree\binarytreegui\x64\release\binarytreegui.tlog\copylocal.write.1u.tlog
c:\users\marjan hussain\source\repos\binarytree\binarytreegui\x64\release\binarytreegui.tlog\link.command.1.tlog
c:\users\marjan hussain\source\repos\binarytree\binarytreegui\x64\release\binarytreegui.tlog\link.read.1.tlog
c:\users\marjan hussain\source\repos\binarytree\binarytreegui\x64\release\binarytreegui.tlog\link.secondary.1.tlog
c:\users\marjan hussain\source\repos\binarytree\binarytreegui\x64\release\binarytreegui.tlog\link.write.1.tlog
c:\users\marjan hussain\source\repos\binarytree\binarytreegui\x64\release\binarytreegui.tlog\midl-midlrt.write.1.tlog
c:\users\marjan hussain\source\repos\binarytree\binarytreegui\x64\release\binarytreegui.tlog\midl.command.1.tlog
c:\users\marjan hussain\source\repos\binarytree\binarytreegui\x64\release\binarytreegui.tlog\midl.read.1.tlog
c:\users\marjan hussain\source\repos\binarytree\binarytreegui\x64\release\binarytreegui.tlog\xaml.read.1u.tlog
c:\users\marjan hussain\source\repos\binarytree\binarytreegui\generated files\app.xaml.g.h
c:\users\marjan hussain\source\repos\binarytree\binarytreegui\generated files\mainwindow.g.h
c:\users\marjan hussain\source\repos\binarytree\binarytreegui\generated files\mainwindow.xaml.g.h
c:\users\marjan hussain\source\repos\binarytree\binarytreegui\generated files\xamlbindinginfo.xaml.g.h
c:\users\marjan hussain\source\repos\binarytree\binarytreegui\generated files\xamlmetadataprovider.g.h
c:\users\marjan hussain\source\repos\binarytree\binarytreegui\generated files\xamltypeinfo.xaml.g.h
c:\users\marjan hussain\source\repos\binarytree\binarytreegui\generated files\mainwindow.g.cpp
c:\users\marjan hussain\source\repos\binarytree\binarytreegui\generated files\module.g.cpp
c:\users\marjan hussain\source\repos\binarytree\binarytreegui\generated files\xamllibmetadataprovider.g.cpp
c:\users\marjan hussain\source\repos\binarytree\binarytreegui\generated files\xamlmetadataprovider.g.cpp
c:\users\marjan hussain\source\repos\binarytree\binarytreegui\generated files\xamltypeinfo.g.cpp
c:\users\marjan hussain\source\repos\binarytree\binarytreegui\generated files\xamltypeinfo.impl.g.cpp
c:\users\marjan hussain\source\repos\binarytree\binarytreegui\generated files\app.xaml
c:\users\marjan hussain\source\repos\binarytree\binarytreegui\generated files\mainwindow.xaml
